<?xml version="1.0" encoding="utf-8"?><testsuites name="pytest tests"><testsuite name="pytest" errors="0" failures="0" skipped="0" tests="25" time="4.689" timestamp="2026-05-08T14:57:07.798847+00:00" hostname="agent-env-995040ae-0867-416e-a546-9b2d389f00ae"><testcase classname="backend.tests.test_mindstack.TestMeta" name="test_types" time="0.215" /><testcase classname="backend.tests.test_mindstack.TestMeta" name="test_stats_shape" time="0.048" /><testcase classname="backend.tests.test_mindstack.TestCrud" name="test_create_invalid_type" time="0.054" /><testcase classname="backend.tests.test_mindstack.TestCrud" name="test_create_each_type[note]" time="0.049" /><testcase classname="backend.tests.test_mindstack.TestCrud" name="test_create_each_type[person]" time="0.048" /><testcase classname="backend.tests.test_mindstack.TestCrud" name="test_create_each_type[task]" time="0.057" /><testcase classname="backend.tests.test_mindstack.TestCrud" name="test_create_each_type[idea]" time="0.055" /><testcase classname="backend.tests.test_mindstack.TestCrud" name="test_create_each_type[book]" time="0.049" /><testcase classname="backend.tests.test_mindstack.TestCrud" name="test_create_each_type[project]" time="0.049" /><testcase classname="backend.tests.test_mindstack.TestCrud" name="test_create_each_type[meeting]" time="0.053" /><testcase classname="backend.tests.test_mindstack.TestCrud" name="test_create_each_type[daily]" time="0.050" /><testcase classname="backend.tests.test_mindstack.TestCrud" name="test_list_no_id_leak_and_sorted" time="0.057" /><testcase classname="backend.tests.test_mindstack.TestCrud" name="test_list_filter_by_type" time="0.047" /><testcase classname="backend.tests.test_mindstack.TestCrud" name="test_list_search_case_insensitive" time="0.048" /><testcase classname="backend.tests.test_mindstack.TestCrud" name="test_get_unknown" time="0.048" /><testcase classname="backend.tests.test_mindstack.TestCrud" name="test_get_known" time="0.049" /><testcase classname="backend.tests.test_mindstack.TestCrud" name="test_update_persists_and_bumps_updated_at" time="0.199" /><testcase classname="backend.tests.test_mindstack.TestCrud" name="test_update_invalid_type" time="0.047" /><testcase classname="backend.tests.test_mindstack.TestCrud" name="test_update_unknown" time="0.056" /><testcase classname="backend.tests.test_mindstack.TestCrud" name="test_delete_unknown" time="0.073" /><testcase classname="backend.tests.test_mindstack.TestCrud" name="test_delete_known_and_404_after" time="0.124" /><testcase classname="backend.tests.test_mindstack.TestAI" name="test_ai_enhance_writes_tags_and_summary" time="1.280" /><testcase classname="backend.tests.test_mindstack.TestAI" name="test_ai_enhance_unknown" time="0.062" /><testcase classname="backend.tests.test_mindstack.TestAI" name="test_related_returns_real_other_objects" time="1.344" /><testcase classname="backend.tests.test_mindstack.TestAI" name="test_related_unknown" time="0.463" /></testsuite></testsuites>